[0.138s] DEBUG:colcon:Command line arguments: ['/usr/bin/colcon', 'build']
[0.139s] DEBUG:colcon:Parsed command line arguments: Namespace(log_base=None, log_level=None, verb_name='build', build_base='build', install_base='install', merge_install=False, symlink_install=False, test_result_base=None, continue_on_error=False, executor='parallel', parallel_workers=8, event_handlers=None, ignore_user_meta=False, metas=['./colcon.meta'], base_paths=['.'], packages_ignore=None, packages_ignore_regex=None, paths=None, packages_up_to=None, packages_up_to_regex=None, packages_above=None, packages_above_and_dependencies=None, packages_above_depth=None, packages_select_by_dep=None, packages_skip_by_dep=None, packages_skip_up_to=None, packages_select_build_failed=False, packages_skip_build_finished=False, packages_select_test_failures=False, packages_skip_test_passed=False, packages_select=None, packages_skip=None, packages_select_regex=None, packages_skip_regex=None, packages_start=None, packages_end=None, allow_overriding=[], cmake_args=None, cmake_target=None, cmake_target_skip_unavailable=False, cmake_clean_cache=False, cmake_clean_first=False, cmake_force_configure=False, ament_cmake_args=None, catkin_cmake_args=None, catkin_skip_building_tests=False, verb_parser=<colcon_defaults.argument_parser.defaults.DefaultArgumentsDecorator object at 0x7c39711318d0>, verb_extension=<colcon_core.verb.build.BuildVerb object at 0x7c3971131480>, main=<bound method BuildVerb.main of <colcon_core.verb.build.BuildVerb object at 0x7c3971131480>>)
[0.396s] Level 1:colcon.colcon_core.package_discovery:discover_packages(colcon_meta) check parameters
[0.396s] Level 1:colcon.colcon_core.package_discovery:discover_packages(recursive) check parameters
[0.397s] Level 1:colcon.colcon_core.package_discovery:discover_packages(ignore) check parameters
[0.397s] Level 1:colcon.colcon_core.package_discovery:discover_packages(path) check parameters
[0.397s] Level 1:colcon.colcon_core.package_discovery:discover_packages(colcon_meta) discover
[0.397s] Level 1:colcon.colcon_core.package_discovery:discover_packages(recursive) discover
[0.397s] INFO:colcon.colcon_core.package_discovery:Crawling recursively for packages in '/home/kresimirhartl/zadaca_07'
[0.397s] Level 1:colcon.colcon_core.package_identification:_identify(.) by extensions ['ignore', 'ignore_ament_install']
[0.397s] Level 1:colcon.colcon_core.package_identification:_identify(.) by extension 'ignore'
[0.397s] Level 1:colcon.colcon_core.package_identification:_identify(.) by extension 'ignore_ament_install'
[0.397s] Level 1:colcon.colcon_core.package_identification:_identify(.) by extensions ['colcon_pkg']
[0.397s] Level 1:colcon.colcon_core.package_identification:_identify(.) by extension 'colcon_pkg'
[0.397s] Level 1:colcon.colcon_core.package_identification:_identify(.) by extensions ['colcon_meta']
[0.397s] Level 1:colcon.colcon_core.package_identification:_identify(.) by extension 'colcon_meta'
[0.397s] Level 1:colcon.colcon_core.package_identification:_identify(.) by extensions ['ros']
[0.397s] Level 1:colcon.colcon_core.package_identification:_identify(.) by extension 'ros'
[0.412s] Level 1:colcon.colcon_core.package_identification:_identify(.) by extensions ['cmake', 'python']
[0.412s] Level 1:colcon.colcon_core.package_identification:_identify(.) by extension 'cmake'
[0.412s] Level 1:colcon.colcon_core.package_identification:_identify(.) by extension 'python'
[0.412s] Level 1:colcon.colcon_core.package_identification:_identify(.) by extensions ['python_setup_py']
[0.412s] Level 1:colcon.colcon_core.package_identification:_identify(.) by extension 'python_setup_py'
[0.413s] Level 1:colcon.colcon_core.package_identification:_identify(build) by extensions ['ignore', 'ignore_ament_install']
[0.413s] Level 1:colcon.colcon_core.package_identification:_identify(build) by extension 'ignore'
[0.413s] Level 1:colcon.colcon_core.package_identification:_identify(build) ignored
[0.413s] Level 1:colcon.colcon_core.package_identification:_identify(install) by extensions ['ignore', 'ignore_ament_install']
[0.413s] Level 1:colcon.colcon_core.package_identification:_identify(install) by extension 'ignore'
[0.413s] Level 1:colcon.colcon_core.package_identification:_identify(install) ignored
[0.413s] Level 1:colcon.colcon_core.package_identification:_identify(log) by extensions ['ignore', 'ignore_ament_install']
[0.413s] Level 1:colcon.colcon_core.package_identification:_identify(log) by extension 'ignore'
[0.413s] Level 1:colcon.colcon_core.package_identification:_identify(log) ignored
[0.413s] Level 1:colcon.colcon_core.package_identification:_identify(src) by extensions ['ignore', 'ignore_ament_install']
[0.413s] Level 1:colcon.colcon_core.package_identification:_identify(src) by extension 'ignore'
[0.414s] Level 1:colcon.colcon_core.package_identification:_identify(src) by extension 'ignore_ament_install'
[0.414s] Level 1:colcon.colcon_core.package_identification:_identify(src) by extensions ['colcon_pkg']
[0.414s] Level 1:colcon.colcon_core.package_identification:_identify(src) by extension 'colcon_pkg'
[0.414s] Level 1:colcon.colcon_core.package_identification:_identify(src) by extensions ['colcon_meta']
[0.414s] Level 1:colcon.colcon_core.package_identification:_identify(src) by extension 'colcon_meta'
[0.414s] Level 1:colcon.colcon_core.package_identification:_identify(src) by extensions ['ros']
[0.414s] Level 1:colcon.colcon_core.package_identification:_identify(src) by extension 'ros'
[0.414s] Level 1:colcon.colcon_core.package_identification:_identify(src) by extensions ['cmake', 'python']
[0.414s] Level 1:colcon.colcon_core.package_identification:_identify(src) by extension 'cmake'
[0.414s] Level 1:colcon.colcon_core.package_identification:_identify(src) by extension 'python'
[0.414s] Level 1:colcon.colcon_core.package_identification:_identify(src) by extensions ['python_setup_py']
[0.414s] Level 1:colcon.colcon_core.package_identification:_identify(src) by extension 'python_setup_py'
[0.414s] Level 1:colcon.colcon_core.package_identification:_identify(src/zadaca_07) by extensions ['ignore', 'ignore_ament_install']
[0.414s] Level 1:colcon.colcon_core.package_identification:_identify(src/zadaca_07) by extension 'ignore'
[0.414s] Level 1:colcon.colcon_core.package_identification:_identify(src/zadaca_07) by extension 'ignore_ament_install'
[0.414s] Level 1:colcon.colcon_core.package_identification:_identify(src/zadaca_07) by extensions ['colcon_pkg']
[0.414s] Level 1:colcon.colcon_core.package_identification:_identify(src/zadaca_07) by extension 'colcon_pkg'
[0.415s] Level 1:colcon.colcon_core.package_identification:_identify(src/zadaca_07) by extensions ['colcon_meta']
[0.415s] Level 1:colcon.colcon_core.package_identification:_identify(src/zadaca_07) by extension 'colcon_meta'
[0.415s] Level 1:colcon.colcon_core.package_identification:_identify(src/zadaca_07) by extensions ['ros']
[0.415s] Level 1:colcon.colcon_core.package_identification:_identify(src/zadaca_07) by extension 'ros'
[0.417s] DEBUG:colcon.colcon_core.package_identification:Package 'src/zadaca_07' with type 'ros.ament_python' and name 'zadaca_07'
[0.417s] Level 1:colcon.colcon_core.package_discovery:discover_packages(recursive) using defaults
[0.417s] Level 1:colcon.colcon_core.package_discovery:discover_packages(ignore) discover
[0.417s] Level 1:colcon.colcon_core.package_discovery:discover_packages(ignore) using defaults
[0.417s] Level 1:colcon.colcon_core.package_discovery:discover_packages(path) discover
[0.417s] Level 1:colcon.colcon_core.package_discovery:discover_packages(path) using defaults
[0.457s] Level 1:colcon.colcon_core.package_discovery:discover_packages(prefix_path) check parameters
[0.457s] Level 1:colcon.colcon_core.package_discovery:discover_packages(prefix_path) discover
[0.459s] DEBUG:colcon.colcon_installed_package_information.package_discovery:Found 1 installed packages in /home/kresimirhartl/zadaca_07/install
[0.463s] DEBUG:colcon.colcon_installed_package_information.package_discovery:Found 387 installed packages in /opt/ros/humble
[0.465s] Level 1:colcon.colcon_core.package_discovery:discover_packages(prefix_path) using defaults
[0.527s] Level 5:colcon.colcon_core.verb:set package 'zadaca_07' build argument 'cmake_args' from command line to 'None'
[0.528s] Level 5:colcon.colcon_core.verb:set package 'zadaca_07' build argument 'cmake_target' from command line to 'None'
[0.528s] Level 5:colcon.colcon_core.verb:set package 'zadaca_07' build argument 'cmake_target_skip_unavailable' from command line to 'False'
[0.528s] Level 5:colcon.colcon_core.verb:set package 'zadaca_07' build argument 'cmake_clean_cache' from command line to 'False'
[0.528s] Level 5:colcon.colcon_core.verb:set package 'zadaca_07' build argument 'cmake_clean_first' from command line to 'False'
[0.528s] Level 5:colcon.colcon_core.verb:set package 'zadaca_07' build argument 'cmake_force_configure' from command line to 'False'
[0.528s] Level 5:colcon.colcon_core.verb:set package 'zadaca_07' build argument 'ament_cmake_args' from command line to 'None'
[0.528s] Level 5:colcon.colcon_core.verb:set package 'zadaca_07' build argument 'catkin_cmake_args' from command line to 'None'
[0.528s] Level 5:colcon.colcon_core.verb:set package 'zadaca_07' build argument 'catkin_skip_building_tests' from command line to 'False'
[0.528s] DEBUG:colcon.colcon_core.verb:Building package 'zadaca_07' with the following arguments: {'ament_cmake_args': None, 'build_base': '/home/kresimirhartl/zadaca_07/build/zadaca_07', 'catkin_cmake_args': None, 'catkin_skip_building_tests': False, 'cmake_args': None, 'cmake_clean_cache': False, 'cmake_clean_first': False, 'cmake_force_configure': False, 'cmake_target': None, 'cmake_target_skip_unavailable': False, 'install_base': '/home/kresimirhartl/zadaca_07/install/zadaca_07', 'merge_install': False, 'path': '/home/kresimirhartl/zadaca_07/src/zadaca_07', 'symlink_install': False, 'test_result_base': None}
[0.528s] INFO:colcon.colcon_core.executor:Executing jobs using 'parallel' executor
[0.529s] DEBUG:colcon.colcon_parallel_executor.executor.parallel:run_until_complete
[0.530s] INFO:colcon.colcon_ros.task.ament_python.build:Building ROS package in '/home/kresimirhartl/zadaca_07/src/zadaca_07' with build type 'ament_python'
[0.530s] Level 1:colcon.colcon_core.shell:create_environment_hook('zadaca_07', 'ament_prefix_path')
[0.535s] INFO:colcon.colcon_core.plugin_system:Skipping extension 'colcon_core.shell.bat': Not used on non-Windows systems
[0.536s] INFO:colcon.colcon_core.shell:Creating environment hook '/home/kresimirhartl/zadaca_07/install/zadaca_07/share/zadaca_07/hook/ament_prefix_path.ps1'
[0.537s] INFO:colcon.colcon_core.shell:Creating environment descriptor '/home/kresimirhartl/zadaca_07/install/zadaca_07/share/zadaca_07/hook/ament_prefix_path.dsv'
[0.537s] INFO:colcon.colcon_core.shell:Creating environment hook '/home/kresimirhartl/zadaca_07/install/zadaca_07/share/zadaca_07/hook/ament_prefix_path.sh'
[0.538s] INFO:colcon.colcon_core.shell:Skip shell extension 'powershell' for command environment: Not usable outside of PowerShell
[0.538s] DEBUG:colcon.colcon_core.shell:Skip shell extension 'dsv' for command environment
[0.935s] WARNING:colcon.colcon_ros.task.ament_python.build:Package 'zadaca_07' doesn't explicitly install a marker in the package index (colcon-ros currently does it implicitly but that fallback will be removed in the future)
[0.935s] INFO:colcon.colcon_core.task.python.build:Building Python package in '/home/kresimirhartl/zadaca_07/src/zadaca_07'
[0.935s] INFO:colcon.colcon_core.shell:Skip shell extension 'powershell' for command environment: Not usable outside of PowerShell
[0.935s] DEBUG:colcon.colcon_core.shell:Skip shell extension 'dsv' for command environment
[1.493s] DEBUG:colcon.colcon_core.event_handler.log_command:Invoking command in '/home/kresimirhartl/zadaca_07/build/zadaca_07': PYTHONPATH=/home/kresimirhartl/zadaca_07/build/zadaca_07/prefix_override:/home/kresimirhartl/zadaca_07/install/zadaca_07/lib/python3.10/site-packages:${PYTHONPATH} /usr/bin/python3 -W ignore:setup.py install is deprecated setup.py develop --uninstall --editable --build-directory /home/kresimirhartl/zadaca_07/build/zadaca_07/build
[2.169s] DEBUG:colcon.colcon_core.event_handler.log_command:Invoked command in '/home/kresimirhartl/zadaca_07/build/zadaca_07' returned '0': PYTHONPATH=/home/kresimirhartl/zadaca_07/build/zadaca_07/prefix_override:/home/kresimirhartl/zadaca_07/install/zadaca_07/lib/python3.10/site-packages:${PYTHONPATH} /usr/bin/python3 -W ignore:setup.py install is deprecated setup.py develop --uninstall --editable --build-directory /home/kresimirhartl/zadaca_07/build/zadaca_07/build
[2.170s] DEBUG:colcon.colcon_core.event_handler.log_command:Invoking command in '/home/kresimirhartl/zadaca_07/src/zadaca_07': PYTHONPATH=/home/kresimirhartl/zadaca_07/build/zadaca_07/prefix_override:/home/kresimirhartl/zadaca_07/install/zadaca_07/lib/python3.10/site-packages:${PYTHONPATH} /usr/bin/python3 -W ignore:setup.py install is deprecated setup.py egg_info --egg-base ../../build/zadaca_07 build --build-base /home/kresimirhartl/zadaca_07/build/zadaca_07/build install --record /home/kresimirhartl/zadaca_07/build/zadaca_07/install.log --single-version-externally-managed install_data --force
[2.637s] DEBUG:colcon.colcon_core.event_handler.log_command:Invoked command in '/home/kresimirhartl/zadaca_07/src/zadaca_07' returned '0': PYTHONPATH=/home/kresimirhartl/zadaca_07/build/zadaca_07/prefix_override:/home/kresimirhartl/zadaca_07/install/zadaca_07/lib/python3.10/site-packages:${PYTHONPATH} /usr/bin/python3 -W ignore:setup.py install is deprecated setup.py egg_info --egg-base ../../build/zadaca_07 build --build-base /home/kresimirhartl/zadaca_07/build/zadaca_07/build install --record /home/kresimirhartl/zadaca_07/build/zadaca_07/install.log --single-version-externally-managed install_data --force
[2.640s] Level 1:colcon.colcon_core.environment:checking '/home/kresimirhartl/zadaca_07/install/zadaca_07' for CMake module files
[2.641s] Level 1:colcon.colcon_core.environment:checking '/home/kresimirhartl/zadaca_07/install/zadaca_07' for CMake config files
[2.642s] Level 1:colcon.colcon_core.environment:checking '/home/kresimirhartl/zadaca_07/install/zadaca_07/lib'
[2.642s] Level 1:colcon.colcon_core.environment:checking '/home/kresimirhartl/zadaca_07/install/zadaca_07/bin'
[2.642s] Level 1:colcon.colcon_core.environment:checking '/home/kresimirhartl/zadaca_07/install/zadaca_07/lib/pkgconfig/zadaca_07.pc'
[2.642s] Level 1:colcon.colcon_core.environment:checking '/home/kresimirhartl/zadaca_07/install/zadaca_07/lib/python3.10/site-packages'
[2.642s] Level 1:colcon.colcon_core.shell:create_environment_hook('zadaca_07', 'pythonpath')
[2.642s] INFO:colcon.colcon_core.shell:Creating environment hook '/home/kresimirhartl/zadaca_07/install/zadaca_07/share/zadaca_07/hook/pythonpath.ps1'
[2.643s] INFO:colcon.colcon_core.shell:Creating environment descriptor '/home/kresimirhartl/zadaca_07/install/zadaca_07/share/zadaca_07/hook/pythonpath.dsv'
[2.643s] INFO:colcon.colcon_core.shell:Creating environment hook '/home/kresimirhartl/zadaca_07/install/zadaca_07/share/zadaca_07/hook/pythonpath.sh'
[2.644s] Level 1:colcon.colcon_core.environment:checking '/home/kresimirhartl/zadaca_07/install/zadaca_07/bin'
[2.644s] Level 1:colcon.colcon_core.environment:create_environment_scripts_only(zadaca_07)
[2.644s] INFO:colcon.colcon_core.shell:Creating package script '/home/kresimirhartl/zadaca_07/install/zadaca_07/share/zadaca_07/package.ps1'
[2.645s] INFO:colcon.colcon_core.shell:Creating package descriptor '/home/kresimirhartl/zadaca_07/install/zadaca_07/share/zadaca_07/package.dsv'
[2.646s] INFO:colcon.colcon_core.shell:Creating package script '/home/kresimirhartl/zadaca_07/install/zadaca_07/share/zadaca_07/package.sh'
[2.646s] INFO:colcon.colcon_core.shell:Creating package script '/home/kresimirhartl/zadaca_07/install/zadaca_07/share/zadaca_07/package.bash'
[2.650s] INFO:colcon.colcon_core.shell:Creating package script '/home/kresimirhartl/zadaca_07/install/zadaca_07/share/zadaca_07/package.zsh'
[2.651s] Level 1:colcon.colcon_core.environment:create_file_with_runtime_dependencies(/home/kresimirhartl/zadaca_07/install/zadaca_07/share/colcon-core/packages/zadaca_07)
[2.652s] DEBUG:colcon.colcon_parallel_executor.executor.parallel:closing loop
[2.652s] DEBUG:colcon.colcon_parallel_executor.executor.parallel:loop closed
[2.652s] DEBUG:colcon.colcon_parallel_executor.executor.parallel:run_until_complete finished with '0'
[2.652s] DEBUG:colcon.colcon_core.event_reactor:joining thread
[2.658s] INFO:colcon.colcon_core.plugin_system:Skipping extension 'colcon_notification.desktop_notification.terminal_notifier': Not used on non-Darwin systems
[2.658s] INFO:colcon.colcon_core.plugin_system:Skipping extension 'colcon_notification.desktop_notification.win32': Not used on non-Windows systems
[2.659s] INFO:colcon.colcon_notification.desktop_notification:Sending desktop notification using 'notify2'
[2.691s] DEBUG:colcon.colcon_core.event_reactor:joined thread
[2.691s] INFO:colcon.colcon_core.shell:Creating prefix script '/home/kresimirhartl/zadaca_07/install/local_setup.ps1'
[2.692s] INFO:colcon.colcon_core.shell:Creating prefix util module '/home/kresimirhartl/zadaca_07/install/_local_setup_util_ps1.py'
[2.694s] INFO:colcon.colcon_core.shell:Creating prefix chain script '/home/kresimirhartl/zadaca_07/install/setup.ps1'
[2.695s] INFO:colcon.colcon_core.shell:Creating prefix script '/home/kresimirhartl/zadaca_07/install/local_setup.sh'
[2.695s] INFO:colcon.colcon_core.shell:Creating prefix util module '/home/kresimirhartl/zadaca_07/install/_local_setup_util_sh.py'
[2.696s] INFO:colcon.colcon_core.shell:Creating prefix chain script '/home/kresimirhartl/zadaca_07/install/setup.sh'
[2.697s] INFO:colcon.colcon_core.shell:Creating prefix script '/home/kresimirhartl/zadaca_07/install/local_setup.bash'
[2.698s] INFO:colcon.colcon_core.shell:Creating prefix chain script '/home/kresimirhartl/zadaca_07/install/setup.bash'
[2.699s] INFO:colcon.colcon_core.shell:Creating prefix script '/home/kresimirhartl/zadaca_07/install/local_setup.zsh'
[2.699s] INFO:colcon.colcon_core.shell:Creating prefix chain script '/home/kresimirhartl/zadaca_07/install/setup.zsh'
