[0.143s] DEBUG:colcon:Command line arguments: ['/usr/bin/colcon', 'build', '--symlink-install']
[0.144s] DEBUG:colcon:Parsed command line arguments: Namespace(log_base=None, log_level=None, verb_name='build', build_base='build', install_base='install', merge_install=False, symlink_install=True, test_result_base=None, continue_on_error=False, executor='parallel', parallel_workers=8, event_handlers=None, ignore_user_meta=False, metas=['./colcon.meta'], base_paths=['.'], packages_ignore=None, packages_ignore_regex=None, paths=None, packages_up_to=None, packages_up_to_regex=None, packages_above=None, packages_above_and_dependencies=None, packages_above_depth=None, packages_select_by_dep=None, packages_skip_by_dep=None, packages_skip_up_to=None, packages_select_build_failed=False, packages_skip_build_finished=False, packages_select_test_failures=False, packages_skip_test_passed=False, packages_select=None, packages_skip=None, packages_select_regex=None, packages_skip_regex=None, packages_start=None, packages_end=None, allow_overriding=[], cmake_args=None, cmake_target=None, cmake_target_skip_unavailable=False, cmake_clean_cache=False, cmake_clean_first=False, cmake_force_configure=False, ament_cmake_args=None, catkin_cmake_args=None, catkin_skip_building_tests=False, verb_parser=<colcon_defaults.argument_parser.defaults.DefaultArgumentsDecorator object at 0x798b88539930>, verb_extension=<colcon_core.verb.build.BuildVerb object at 0x798b885394e0>, main=<bound method BuildVerb.main of <colcon_core.verb.build.BuildVerb object at 0x798b885394e0>>)
[0.406s] Level 1:colcon.colcon_core.package_discovery:discover_packages(colcon_meta) check parameters
[0.406s] Level 1:colcon.colcon_core.package_discovery:discover_packages(recursive) check parameters
[0.406s] Level 1:colcon.colcon_core.package_discovery:discover_packages(ignore) check parameters
[0.406s] Level 1:colcon.colcon_core.package_discovery:discover_packages(path) check parameters
[0.406s] Level 1:colcon.colcon_core.package_discovery:discover_packages(colcon_meta) discover
[0.406s] Level 1:colcon.colcon_core.package_discovery:discover_packages(recursive) discover
[0.406s] INFO:colcon.colcon_core.package_discovery:Crawling recursively for packages in '/home/kresimirhartl/zadaca_07'
[0.406s] Level 1:colcon.colcon_core.package_identification:_identify(.) by extensions ['ignore', 'ignore_ament_install']
[0.406s] Level 1:colcon.colcon_core.package_identification:_identify(.) by extension 'ignore'
[0.406s] Level 1:colcon.colcon_core.package_identification:_identify(.) by extension 'ignore_ament_install'
[0.406s] Level 1:colcon.colcon_core.package_identification:_identify(.) by extensions ['colcon_pkg']
[0.406s] Level 1:colcon.colcon_core.package_identification:_identify(.) by extension 'colcon_pkg'
[0.406s] Level 1:colcon.colcon_core.package_identification:_identify(.) by extensions ['colcon_meta']
[0.406s] Level 1:colcon.colcon_core.package_identification:_identify(.) by extension 'colcon_meta'
[0.406s] Level 1:colcon.colcon_core.package_identification:_identify(.) by extensions ['ros']
[0.406s] Level 1:colcon.colcon_core.package_identification:_identify(.) by extension 'ros'
[0.420s] Level 1:colcon.colcon_core.package_identification:_identify(.) by extensions ['cmake', 'python']
[0.421s] Level 1:colcon.colcon_core.package_identification:_identify(.) by extension 'cmake'
[0.421s] Level 1:colcon.colcon_core.package_identification:_identify(.) by extension 'python'
[0.421s] Level 1:colcon.colcon_core.package_identification:_identify(.) by extensions ['python_setup_py']
[0.421s] Level 1:colcon.colcon_core.package_identification:_identify(.) by extension 'python_setup_py'
[0.421s] Level 1:colcon.colcon_core.package_identification:_identify(build) by extensions ['ignore', 'ignore_ament_install']
[0.421s] Level 1:colcon.colcon_core.package_identification:_identify(build) by extension 'ignore'
[0.421s] Level 1:colcon.colcon_core.package_identification:_identify(build) ignored
[0.421s] Level 1:colcon.colcon_core.package_identification:_identify(install) by extensions ['ignore', 'ignore_ament_install']
[0.421s] Level 1:colcon.colcon_core.package_identification:_identify(install) by extension 'ignore'
[0.421s] Level 1:colcon.colcon_core.package_identification:_identify(install) ignored
[0.421s] Level 1:colcon.colcon_core.package_identification:_identify(log) by extensions ['ignore', 'ignore_ament_install']
[0.421s] Level 1:colcon.colcon_core.package_identification:_identify(log) by extension 'ignore'
[0.421s] Level 1:colcon.colcon_core.package_identification:_identify(log) ignored
[0.422s] Level 1:colcon.colcon_core.package_identification:_identify(src) by extensions ['ignore', 'ignore_ament_install']
[0.422s] Level 1:colcon.colcon_core.package_identification:_identify(src) by extension 'ignore'
[0.422s] Level 1:colcon.colcon_core.package_identification:_identify(src) by extension 'ignore_ament_install'
[0.422s] Level 1:colcon.colcon_core.package_identification:_identify(src) by extensions ['colcon_pkg']
[0.422s] Level 1:colcon.colcon_core.package_identification:_identify(src) by extension 'colcon_pkg'
[0.422s] Level 1:colcon.colcon_core.package_identification:_identify(src) by extensions ['colcon_meta']
[0.422s] Level 1:colcon.colcon_core.package_identification:_identify(src) by extension 'colcon_meta'
[0.422s] Level 1:colcon.colcon_core.package_identification:_identify(src) by extensions ['ros']
[0.422s] Level 1:colcon.colcon_core.package_identification:_identify(src) by extension 'ros'
[0.422s] Level 1:colcon.colcon_core.package_identification:_identify(src) by extensions ['cmake', 'python']
[0.422s] Level 1:colcon.colcon_core.package_identification:_identify(src) by extension 'cmake'
[0.422s] Level 1:colcon.colcon_core.package_identification:_identify(src) by extension 'python'
[0.422s] Level 1:colcon.colcon_core.package_identification:_identify(src) by extensions ['python_setup_py']
[0.422s] Level 1:colcon.colcon_core.package_identification:_identify(src) by extension 'python_setup_py'
[0.422s] Level 1:colcon.colcon_core.package_identification:_identify(src/zadaca_07) by extensions ['ignore', 'ignore_ament_install']
[0.422s] Level 1:colcon.colcon_core.package_identification:_identify(src/zadaca_07) by extension 'ignore'
[0.422s] Level 1:colcon.colcon_core.package_identification:_identify(src/zadaca_07) by extension 'ignore_ament_install'
[0.422s] Level 1:colcon.colcon_core.package_identification:_identify(src/zadaca_07) by extensions ['colcon_pkg']
[0.422s] Level 1:colcon.colcon_core.package_identification:_identify(src/zadaca_07) by extension 'colcon_pkg'
[0.423s] Level 1:colcon.colcon_core.package_identification:_identify(src/zadaca_07) by extensions ['colcon_meta']
[0.423s] Level 1:colcon.colcon_core.package_identification:_identify(src/zadaca_07) by extension 'colcon_meta'
[0.423s] Level 1:colcon.colcon_core.package_identification:_identify(src/zadaca_07) by extensions ['ros']
[0.423s] Level 1:colcon.colcon_core.package_identification:_identify(src/zadaca_07) by extension 'ros'
[0.425s] DEBUG:colcon.colcon_core.package_identification:Package 'src/zadaca_07' with type 'ros.ament_python' and name 'zadaca_07'
[0.425s] Level 1:colcon.colcon_core.package_discovery:discover_packages(recursive) using defaults
[0.425s] Level 1:colcon.colcon_core.package_discovery:discover_packages(ignore) discover
[0.425s] Level 1:colcon.colcon_core.package_discovery:discover_packages(ignore) using defaults
[0.425s] Level 1:colcon.colcon_core.package_discovery:discover_packages(path) discover
[0.425s] Level 1:colcon.colcon_core.package_discovery:discover_packages(path) using defaults
[0.470s] Level 1:colcon.colcon_core.package_discovery:discover_packages(prefix_path) check parameters
[0.470s] Level 1:colcon.colcon_core.package_discovery:discover_packages(prefix_path) discover
[0.471s] WARNING:colcon.colcon_ros.prefix_path.ament:The path '/home/kresimirhartl/zadaca_07/install/zadaca_07' in the environment variable AMENT_PREFIX_PATH doesn't exist
[0.471s] DEBUG:colcon.colcon_installed_package_information.package_discovery:Found 0 installed packages in /home/kresimirhartl/zadaca_07/install
[0.474s] DEBUG:colcon.colcon_installed_package_information.package_discovery:Found 387 installed packages in /opt/ros/humble
[0.475s] Level 1:colcon.colcon_core.package_discovery:discover_packages(prefix_path) using defaults
[0.546s] Level 5:colcon.colcon_core.verb:set package 'zadaca_07' build argument 'cmake_args' from command line to 'None'
[0.546s] Level 5:colcon.colcon_core.verb:set package 'zadaca_07' build argument 'cmake_target' from command line to 'None'
[0.546s] Level 5:colcon.colcon_core.verb:set package 'zadaca_07' build argument 'cmake_target_skip_unavailable' from command line to 'False'
[0.546s] Level 5:colcon.colcon_core.verb:set package 'zadaca_07' build argument 'cmake_clean_cache' from command line to 'False'
[0.546s] Level 5:colcon.colcon_core.verb:set package 'zadaca_07' build argument 'cmake_clean_first' from command line to 'False'
[0.546s] Level 5:colcon.colcon_core.verb:set package 'zadaca_07' build argument 'cmake_force_configure' from command line to 'False'
[0.546s] Level 5:colcon.colcon_core.verb:set package 'zadaca_07' build argument 'ament_cmake_args' from command line to 'None'
[0.546s] Level 5:colcon.colcon_core.verb:set package 'zadaca_07' build argument 'catkin_cmake_args' from command line to 'None'
[0.546s] Level 5:colcon.colcon_core.verb:set package 'zadaca_07' build argument 'catkin_skip_building_tests' from command line to 'False'
[0.546s] DEBUG:colcon.colcon_core.verb:Building package 'zadaca_07' with the following arguments: {'ament_cmake_args': None, 'build_base': '/home/kresimirhartl/zadaca_07/build/zadaca_07', 'catkin_cmake_args': None, 'catkin_skip_building_tests': False, 'cmake_args': None, 'cmake_clean_cache': False, 'cmake_clean_first': False, 'cmake_force_configure': False, 'cmake_target': None, 'cmake_target_skip_unavailable': False, 'install_base': '/home/kresimirhartl/zadaca_07/install/zadaca_07', 'merge_install': False, 'path': '/home/kresimirhartl/zadaca_07/src/zadaca_07', 'symlink_install': True, 'test_result_base': None}
[0.547s] INFO:colcon.colcon_core.executor:Executing jobs using 'parallel' executor
[0.548s] DEBUG:colcon.colcon_parallel_executor.executor.parallel:run_until_complete
[0.548s] INFO:colcon.colcon_ros.task.ament_python.build:Building ROS package in '/home/kresimirhartl/zadaca_07/src/zadaca_07' with build type 'ament_python'
[0.549s] Level 1:colcon.colcon_core.shell:create_environment_hook('zadaca_07', 'ament_prefix_path')
[0.551s] INFO:colcon.colcon_core.plugin_system:Skipping extension 'colcon_core.shell.bat': Not used on non-Windows systems
[0.551s] INFO:colcon.colcon_core.shell:Creating environment hook '/home/kresimirhartl/zadaca_07/install/zadaca_07/share/zadaca_07/hook/ament_prefix_path.ps1'
[0.552s] INFO:colcon.colcon_core.shell:Creating environment descriptor '/home/kresimirhartl/zadaca_07/install/zadaca_07/share/zadaca_07/hook/ament_prefix_path.dsv'
[0.553s] INFO:colcon.colcon_core.shell:Creating environment hook '/home/kresimirhartl/zadaca_07/install/zadaca_07/share/zadaca_07/hook/ament_prefix_path.sh'
[0.556s] INFO:colcon.colcon_core.shell:Skip shell extension 'powershell' for command environment: Not usable outside of PowerShell
[0.556s] DEBUG:colcon.colcon_core.shell:Skip shell extension 'dsv' for command environment
[0.951s] WARNING:colcon.colcon_ros.task.ament_python.build:Package 'zadaca_07' doesn't explicitly install a marker in the package index (colcon-ros currently does it implicitly but that fallback will be removed in the future)
[0.952s] INFO:colcon.colcon_core.task.python.build:Building Python package in '/home/kresimirhartl/zadaca_07/src/zadaca_07'
[0.952s] INFO:colcon.colcon_core.shell:Skip shell extension 'powershell' for command environment: Not usable outside of PowerShell
[0.952s] DEBUG:colcon.colcon_core.shell:Skip shell extension 'dsv' for command environment
[1.489s] DEBUG:colcon.colcon_core.event_handler.log_command:Invoking command in '/home/kresimirhartl/zadaca_07/build/zadaca_07': PYTHONPATH=/home/kresimirhartl/zadaca_07/build/zadaca_07/prefix_override:/home/kresimirhartl/zadaca_07/install/zadaca_07/lib/python3.10/site-packages:${PYTHONPATH} /usr/bin/python3 -W ignore:setup.py install is deprecated setup.py develop --editable --build-directory /home/kresimirhartl/zadaca_07/build/zadaca_07/build --no-deps symlink_data
[2.207s] Level 1:colcon.colcon_core.shell:create_environment_hook('zadaca_07', 'pythonpath_develop')
[2.208s] INFO:colcon.colcon_core.shell:Creating environment hook '/home/kresimirhartl/zadaca_07/build/zadaca_07/share/zadaca_07/hook/pythonpath_develop.ps1'
[2.209s] DEBUG:colcon.colcon_core.event_handler.log_command:Invoked command in '/home/kresimirhartl/zadaca_07/build/zadaca_07' returned '0': PYTHONPATH=/home/kresimirhartl/zadaca_07/build/zadaca_07/prefix_override:/home/kresimirhartl/zadaca_07/install/zadaca_07/lib/python3.10/site-packages:${PYTHONPATH} /usr/bin/python3 -W ignore:setup.py install is deprecated setup.py develop --editable --build-directory /home/kresimirhartl/zadaca_07/build/zadaca_07/build --no-deps symlink_data
[2.209s] INFO:colcon.colcon_core.shell:Creating environment descriptor '/home/kresimirhartl/zadaca_07/build/zadaca_07/share/zadaca_07/hook/pythonpath_develop.dsv'
[2.209s] INFO:colcon.colcon_core.shell:Creating environment hook '/home/kresimirhartl/zadaca_07/build/zadaca_07/share/zadaca_07/hook/pythonpath_develop.sh'
[2.212s] Level 1:colcon.colcon_core.environment:checking '/home/kresimirhartl/zadaca_07/install/zadaca_07' for CMake module files
[2.213s] Level 1:colcon.colcon_core.environment:checking '/home/kresimirhartl/zadaca_07/install/zadaca_07' for CMake config files
[2.213s] Level 1:colcon.colcon_core.environment:checking '/home/kresimirhartl/zadaca_07/install/zadaca_07/lib'
[2.214s] Level 1:colcon.colcon_core.environment:checking '/home/kresimirhartl/zadaca_07/install/zadaca_07/bin'
[2.214s] Level 1:colcon.colcon_core.environment:checking '/home/kresimirhartl/zadaca_07/install/zadaca_07/lib/pkgconfig/zadaca_07.pc'
[2.214s] Level 1:colcon.colcon_core.environment:checking '/home/kresimirhartl/zadaca_07/install/zadaca_07/lib/python3.10/site-packages'
[2.214s] Level 1:colcon.colcon_core.shell:create_environment_hook('zadaca_07', 'pythonpath')
[2.214s] INFO:colcon.colcon_core.shell:Creating environment hook '/home/kresimirhartl/zadaca_07/install/zadaca_07/share/zadaca_07/hook/pythonpath.ps1'
[2.215s] INFO:colcon.colcon_core.shell:Creating environment descriptor '/home/kresimirhartl/zadaca_07/install/zadaca_07/share/zadaca_07/hook/pythonpath.dsv'
[2.215s] INFO:colcon.colcon_core.shell:Creating environment hook '/home/kresimirhartl/zadaca_07/install/zadaca_07/share/zadaca_07/hook/pythonpath.sh'
[2.215s] Level 1:colcon.colcon_core.environment:checking '/home/kresimirhartl/zadaca_07/install/zadaca_07/bin'
[2.216s] Level 1:colcon.colcon_core.environment:create_environment_scripts_only(zadaca_07)
[2.216s] INFO:colcon.colcon_core.shell:Creating package script '/home/kresimirhartl/zadaca_07/install/zadaca_07/share/zadaca_07/package.ps1'
[2.217s] INFO:colcon.colcon_core.shell:Creating package descriptor '/home/kresimirhartl/zadaca_07/install/zadaca_07/share/zadaca_07/package.dsv'
[2.217s] INFO:colcon.colcon_core.shell:Creating package script '/home/kresimirhartl/zadaca_07/install/zadaca_07/share/zadaca_07/package.sh'
[2.218s] INFO:colcon.colcon_core.shell:Creating package script '/home/kresimirhartl/zadaca_07/install/zadaca_07/share/zadaca_07/package.bash'
[2.219s] INFO:colcon.colcon_core.shell:Creating package script '/home/kresimirhartl/zadaca_07/install/zadaca_07/share/zadaca_07/package.zsh'
[2.220s] Level 1:colcon.colcon_core.environment:create_file_with_runtime_dependencies(/home/kresimirhartl/zadaca_07/install/zadaca_07/share/colcon-core/packages/zadaca_07)
[2.220s] DEBUG:colcon.colcon_parallel_executor.executor.parallel:closing loop
[2.221s] DEBUG:colcon.colcon_parallel_executor.executor.parallel:loop closed
[2.221s] DEBUG:colcon.colcon_parallel_executor.executor.parallel:run_until_complete finished with '0'
[2.221s] DEBUG:colcon.colcon_core.event_reactor:joining thread
[2.231s] INFO:colcon.colcon_core.plugin_system:Skipping extension 'colcon_notification.desktop_notification.terminal_notifier': Not used on non-Darwin systems
[2.231s] INFO:colcon.colcon_core.plugin_system:Skipping extension 'colcon_notification.desktop_notification.win32': Not used on non-Windows systems
[2.231s] INFO:colcon.colcon_notification.desktop_notification:Sending desktop notification using 'notify2'
[2.265s] DEBUG:colcon.colcon_core.event_reactor:joined thread
[2.265s] INFO:colcon.colcon_core.shell:Creating prefix script '/home/kresimirhartl/zadaca_07/install/local_setup.ps1'
[2.267s] INFO:colcon.colcon_core.shell:Creating prefix util module '/home/kresimirhartl/zadaca_07/install/_local_setup_util_ps1.py'
[2.268s] INFO:colcon.colcon_core.shell:Creating prefix chain script '/home/kresimirhartl/zadaca_07/install/setup.ps1'
[2.269s] INFO:colcon.colcon_core.shell:Creating prefix script '/home/kresimirhartl/zadaca_07/install/local_setup.sh'
[2.270s] INFO:colcon.colcon_core.shell:Creating prefix util module '/home/kresimirhartl/zadaca_07/install/_local_setup_util_sh.py'
[2.270s] INFO:colcon.colcon_core.shell:Creating prefix chain script '/home/kresimirhartl/zadaca_07/install/setup.sh'
[2.271s] INFO:colcon.colcon_core.shell:Creating prefix script '/home/kresimirhartl/zadaca_07/install/local_setup.bash'
[2.272s] INFO:colcon.colcon_core.shell:Creating prefix chain script '/home/kresimirhartl/zadaca_07/install/setup.bash'
[2.273s] INFO:colcon.colcon_core.shell:Creating prefix script '/home/kresimirhartl/zadaca_07/install/local_setup.zsh'
[2.273s] INFO:colcon.colcon_core.shell:Creating prefix chain script '/home/kresimirhartl/zadaca_07/install/setup.zsh'
