running egg_info
writing ../../build/zadaca_07/zadaca_07.egg-info/PKG-INFO
writing dependency_links to ../../build/zadaca_07/zadaca_07.egg-info/dependency_links.txt
writing entry points to ../../build/zadaca_07/zadaca_07.egg-info/entry_points.txt
writing requirements to ../../build/zadaca_07/zadaca_07.egg-info/requires.txt
writing top-level names to ../../build/zadaca_07/zadaca_07.egg-info/top_level.txt
reading manifest file '../../build/zadaca_07/zadaca_07.egg-info/SOURCES.txt'
adding license file 'LICENSE'
writing manifest file '../../build/zadaca_07/zadaca_07.egg-info/SOURCES.txt'
running build
running build_py
running install
running install_lib
running install_data
running install_egg_info
removing '/home/kresimirhartl/zadaca_07/install/zadaca_07/lib/python3.10/site-packages/zadaca_07-0.0.0-py3.10.egg-info' (and everything under it)
Copying ../../build/zadaca_07/zadaca_07.egg-info to /home/kresimirhartl/zadaca_07/install/zadaca_07/lib/python3.10/site-packages/zadaca_07-0.0.0-py3.10.egg-info
running install_scripts
Installing bug2 script to /home/kresimirhartl/zadaca_07/install/zadaca_07/lib/zadaca_07
Installing parse_urdf2marker script to /home/kresimirhartl/zadaca_07/install/zadaca_07/lib/zadaca_07
Installing scan_to_range script to /home/kresimirhartl/zadaca_07/install/zadaca_07/lib/zadaca_07
Installing tracker script to /home/kresimirhartl/zadaca_07/install/zadaca_07/lib/zadaca_07
writing list of installed files to '/home/kresimirhartl/zadaca_07/build/zadaca_07/install.log'
