[1.020s] Invoking command in '/home/kresimirhartl/zadaca_07/src/zadaca_07': PYTHONPATH=/home/kresimirhartl/zadaca_07/build/zadaca_07/prefix_override:/home/kresimirhartl/zadaca_07/install/zadaca_07/lib/python3.10/site-packages:${PYTHONPATH} /usr/bin/python3 -W ignore:setup.py install is deprecated setup.py egg_info --egg-base ../../build/zadaca_07 build --build-base /home/kresimirhartl/zadaca_07/build/zadaca_07/build install --record /home/kresimirhartl/zadaca_07/build/zadaca_07/install.log --single-version-externally-managed install_data
[1.338s] running egg_info
[1.339s] writing ../../build/zadaca_07/zadaca_07.egg-info/PKG-INFO
[1.392s] writing dependency_links to ../../build/zadaca_07/zadaca_07.egg-info/dependency_links.txt
[1.393s] writing entry points to ../../build/zadaca_07/zadaca_07.egg-info/entry_points.txt
[1.393s] writing requirements to ../../build/zadaca_07/zadaca_07.egg-info/requires.txt
[1.393s] writing top-level names to ../../build/zadaca_07/zadaca_07.egg-info/top_level.txt
[1.396s] reading manifest file '../../build/zadaca_07/zadaca_07.egg-info/SOURCES.txt'
[1.397s] adding license file 'LICENSE'
[1.398s] writing manifest file '../../build/zadaca_07/zadaca_07.egg-info/SOURCES.txt'
[1.398s] running build
[1.398s] running build_py
[1.400s] running install
[1.400s] running install_lib
[1.403s] running install_data
[1.404s] running install_egg_info
[1.406s] removing '/home/kresimirhartl/zadaca_07/install/zadaca_07/lib/python3.10/site-packages/zadaca_07-0.0.0-py3.10.egg-info' (and everything under it)
[1.406s] Copying ../../build/zadaca_07/zadaca_07.egg-info to /home/kresimirhartl/zadaca_07/install/zadaca_07/lib/python3.10/site-packages/zadaca_07-0.0.0-py3.10.egg-info
[1.408s] running install_scripts
[1.429s] Installing bug2 script to /home/kresimirhartl/zadaca_07/install/zadaca_07/lib/zadaca_07
[1.430s] Installing parse_urdf2marker script to /home/kresimirhartl/zadaca_07/install/zadaca_07/lib/zadaca_07
[1.430s] Installing scan_to_range script to /home/kresimirhartl/zadaca_07/install/zadaca_07/lib/zadaca_07
[1.430s] Installing tracker script to /home/kresimirhartl/zadaca_07/install/zadaca_07/lib/zadaca_07
[1.431s] writing list of installed files to '/home/kresimirhartl/zadaca_07/build/zadaca_07/install.log'
[1.460s] Invoked command in '/home/kresimirhartl/zadaca_07/src/zadaca_07' returned '0': PYTHONPATH=/home/kresimirhartl/zadaca_07/build/zadaca_07/prefix_override:/home/kresimirhartl/zadaca_07/install/zadaca_07/lib/python3.10/site-packages:${PYTHONPATH} /usr/bin/python3 -W ignore:setup.py install is deprecated setup.py egg_info --egg-base ../../build/zadaca_07 build --build-base /home/kresimirhartl/zadaca_07/build/zadaca_07/build install --record /home/kresimirhartl/zadaca_07/build/zadaca_07/install.log --single-version-externally-managed install_data
